Using pre-set license
Built from '2022.3/staging' branch; Version is '2022.3.11f1 (d00248457e15) revision 13632072'; Using compiler version '192829333'; Build Type 'Release'
OS: 'Windows 10  (10.0.19045) 64bit ProfessionalEducation' Language: 'en' Physical Memory: 16101 MB
BatchMode: 1, IsHumanControllingUs: 0, StartBugReporterOnCrash: 0, Is64bit: 1, IsPro: 1

COMMAND LINE ARGUMENTS:
C:\Program Files\Unity\Hub\Editor\2022.3.11f1\Editor\Unity.exe
-adb2
-batchMode
-noUpm
-name
AssetImportWorker1
-projectPath
C:/github/Hyperspeed/Hyperspeed
-logFile
Logs/AssetImportWorker1.log
-srvPort
50604
Successfully changed project path to: C:/github/Hyperspeed/Hyperspeed
C:/github/Hyperspeed/Hyperspeed
[UnityMemory] Configuration Parameters - Can be set up in boot.config
    "memorysetup-bucket-allocator-granularity=16"
    "memorysetup-bucket-allocator-bucket-count=8"
    "memorysetup-bucket-allocator-block-size=33554432"
    "memorysetup-bucket-allocator-block-count=8"
    "memorysetup-main-allocator-block-size=16777216"
    "memorysetup-thread-allocator-block-size=16777216"
    "memorysetup-gfx-main-allocator-block-size=16777216"
    "memorysetup-gfx-thread-allocator-block-size=16777216"
    "memorysetup-cache-allocator-block-size=4194304"
    "memorysetup-typetree-allocator-block-size=2097152"
    "memorysetup-profiler-bucket-allocator-granularity=16"
    "memorysetup-profiler-bucket-allocator-bucket-count=8"
    "memorysetup-profiler-bucket-allocator-block-size=33554432"
    "memorysetup-profiler-bucket-allocator-block-count=8"
    "memorysetup-profiler-allocator-block-size=16777216"
    "memorysetup-profiler-editor-allocator-block-size=1048576"
    "memorysetup-temp-allocator-size-main=16777216"
    "memorysetup-job-temp-allocator-block-size=2097152"
    "memorysetup-job-temp-allocator-block-size-background=1048576"
    "memorysetup-job-temp-allocator-reduction-small-platforms=262144"
    "memorysetup-allocator-temp-initial-block-size-main=262144"
    "memorysetup-allocator-temp-initial-block-size-worker=262144"
    "memorysetup-temp-allocator-size-background-worker=32768"
    "memorysetup-temp-allocator-size-job-worker=262144"
    "memorysetup-temp-allocator-size-preload-manager=33554432"
    "memorysetup-temp-allocator-size-nav-mesh-worker=65536"
    "memorysetup-temp-allocator-size-audio-worker=65536"
    "memorysetup-temp-allocator-size-cloud-worker=32768"
    "memorysetup-temp-allocator-size-gi-baking-worker=262144"
    "memorysetup-temp-allocator-size-gfx=262144"
Player connection [5800] Host "[IP] 10.2.10.148 [Port] 0 [Flags] 2 [Guid] 3579029456 [EditorId] 3579029456 [Version] 1048832 [Id] WindowsEditor(7,vvps-12191) [Debug] 1 [PackageName] WindowsEditor [ProjectName] Editor" joined multi-casting on [225.0.0.222:54997]...

Player connection [5800] Host "[IP] 10.2.10.148 [Port] 0 [Flags] 2 [Guid] 3579029456 [EditorId] 3579029456 [Version] 1048832 [Id] WindowsEditor(7,vvps-12191) [Debug] 1 [PackageName] WindowsEditor [ProjectName] Editor" joined alternative multi-casting on [225.0.0.222:34997]...

[Physics::Module] Initialized MultithreadedJobDispatcher with 19 workers.
Refreshing native plugins compatible for Editor in 10.86 ms, found 3 plugins.
Preloading 0 native plugins for Editor in 0.00 ms.
Initialize engine version: 2022.3.11f1 (d00248457e15)
[Subsystems] Discovering subsystems at path C:/Program Files/Unity/Hub/Editor/2022.3.11f1/Editor/Data/Resources/UnitySubsystems
[Subsystems] Discovering subsystems at path C:/github/Hyperspeed/Hyperspeed/Assets
GfxDevice: creating device client; threaded=0; jobified=0
Direct3D:
    Version:  Direct3D 11.0 [level 11.1]
    Renderer: NVIDIA GeForce RTX 3060 (ID=0x2504)
    Vendor:   NVIDIA
    VRAM:     12129 MB
    Driver:   31.0.15.3770
Initialize mono
Mono path[0] = 'C:/Program Files/Unity/Hub/Editor/2022.3.11f1/Editor/Data/Managed'
Mono path[1] = 'C:/Program Files/Unity/Hub/Editor/2022.3.11f1/Editor/Data/MonoBleedingEdge/lib/mono/unityjit-win32'
Mono config path = 'C:/Program Files/Unity/Hub/Editor/2022.3.11f1/Editor/Data/MonoBleedingEdge/etc'
Using monoOptions --debugger-agent=transport=dt_socket,embedding=1,server=y,suspend=n,address=127.0.0.1:56832
Begin MonoManager ReloadAssembly
Registering precompiled unity dll's ...
Register platform support module: C:/Program Files/Unity/Hub/Editor/2022.3.11f1/Editor/Data/PlaybackEngines/WebGLSupport/UnityEditor.WebGL.Extensions.dll
Register platform support module: C:/Program Files/Unity/Hub/Editor/2022.3.11f1/Editor/Data/PlaybackEngines/WindowsStandaloneSupport/UnityEditor.WindowsStandalone.Extensions.dll
Registered in 0.011848 seconds.
- Loaded All Assemblies, in  0.400 seconds
Native extension for WindowsStandalone target not found
Native extension for WebGL target not found
Mono: successfully reloaded assembly
- Finished resetting the current domain, in  0.285 seconds
Domain Reload Profiling: 683ms
	BeginReloadAssembly (115ms)
		ExecutionOrderSort (0ms)
		DisableScriptedObjects (0ms)
		BackupInstance (0ms)
		ReleaseScriptingObjects (0ms)
		CreateAndSetChildDomain (1ms)
	RebuildCommonClasses (38ms)
	RebuildNativeTypeToScriptingClass (13ms)
	initialDomainReloadingComplete (75ms)
	LoadAllAssembliesAndSetupDomain (155ms)
		LoadAssemblies (113ms)
		RebuildTransferFunctionScriptingTraits (0ms)
		AnalyzeDomain (153ms)
			TypeCache.Refresh (152ms)
				TypeCache.ScanAssembly (138ms)
			ScanForSourceGeneratedMonoScriptInfo (0ms)
			ResolveRequiredComponents (0ms)
	FinalizeReload (286ms)
		ReleaseScriptCaches (0ms)
		RebuildScriptCaches (0ms)
		SetupLoadedEditorAssemblies (220ms)
			LogAssemblyErrors (0ms)
			InitializePlatformSupportModulesInManaged (12ms)
			SetLoadedEditorAssemblies (6ms)
			RefreshPlugins (0ms)
			BeforeProcessingInitializeOnLoad (3ms)
			ProcessInitializeOnLoadAttributes (146ms)
			ProcessInitializeOnLoadMethodAttributes (54ms)
			AfterProcessingInitializeOnLoad (0ms)
			EditorAssembliesLoaded (0ms)
		ExecutionOrderSort2 (0ms)
		AwakeInstancesAfterBackupRestoration (0ms)
========================================================================
Worker process is ready to serve import requests
Begin MonoManager ReloadAssembly
- Loaded All Assemblies, in  1.010 seconds
Refreshing native plugins compatible for Editor in 3.36 ms, found 3 plugins.
Native extension for WindowsStandalone target not found
Native extension for WebGL target not found
Package Manager log level set to [2]
[Package Manager] Server::EnsureServerProcessIsRunning -- launch failed, reason: Unity was launched with the -noUpm command-line argument
[Package Manager] UpmClient::Send -- Unable to send message (not connected to UPM process).
[Package Manager] Cannot connect to Unity Package Manager local server
Mono: successfully reloaded assembly
- Finished resetting the current domain, in  0.648 seconds
Domain Reload Profiling: 1655ms
	BeginReloadAssembly (132ms)
		ExecutionOrderSort (0ms)
		DisableScriptedObjects (6ms)
		BackupInstance (0ms)
		ReleaseScriptingObjects (0ms)
		CreateAndSetChildDomain (19ms)
	RebuildCommonClasses (35ms)
	RebuildNativeTypeToScriptingClass (12ms)
	initialDomainReloadingComplete (43ms)
	LoadAllAssembliesAndSetupDomain (784ms)
		LoadAssemblies (662ms)
		RebuildTransferFunctionScriptingTraits (0ms)
		AnalyzeDomain (192ms)
			TypeCache.Refresh (158ms)
				TypeCache.ScanAssembly (142ms)
			ScanForSourceGeneratedMonoScriptInfo (22ms)
			ResolveRequiredComponents (11ms)
	FinalizeReload (648ms)
		ReleaseScriptCaches (0ms)
		RebuildScriptCaches (0ms)
		SetupLoadedEditorAssemblies (491ms)
			LogAssemblyErrors (0ms)
			InitializePlatformSupportModulesInManaged (8ms)
			SetLoadedEditorAssemblies (3ms)
			RefreshPlugins (0ms)
			BeforeProcessingInitializeOnLoad (70ms)
			ProcessInitializeOnLoadAttributes (330ms)
			ProcessInitializeOnLoadMethodAttributes (71ms)
			AfterProcessingInitializeOnLoad (8ms)
			EditorAssembliesLoaded (0ms)
		ExecutionOrderSort2 (0ms)
		AwakeInstancesAfterBackupRestoration (7ms)
Launched and connected shader compiler UnityShaderCompiler.exe after 0.03 seconds
Refreshing native plugins compatible for Editor in 1.80 ms, found 3 plugins.
Preloading 0 native plugins for Editor in 0.00 ms.
Unloading 5095 Unused Serialized files (Serialized files now loaded: 0)
Unloading 72 unused Assets / (438.6 KB). Loaded Objects now: 5547.
Memory consumption went from 208.3 MB to 207.9 MB.
Total: 4.623400 ms (FindLiveObjects: 0.889100 ms CreateObjectMapping: 0.230000 ms MarkObjects: 3.170600 ms  DeleteObjects: 0.332300 ms)

AssetImportParameters requested are different than current active one (requested -> active):
  custom:scripting/monoscript/fileName/IncomingChangesTab.cs: 8f6297df34271fdb1ce2d9607ec6261d -> af2f8b65a736cbc2c6197311f8f8caf3
  custom:scripting/monoscript/fileName/IncomingChangesNotifier.cs: 8f6297df34271fdb1ce2d9607ec6261d -> 10fad815611441fb3a805150421ed991
  custom:container-demuxer-ogg: 62fdf1f143b41e24485cea50d1cbac27 -> 
  custom:scripting/monoscript/fileName/ProgressControlsForDialogs.cs: a53f96815da50de15010b1c479bc70cf -> 7e6bd1727985204e3b64e1946e589b1c
  custom:scripting/monoscript/fileName/SSOCredentialsDialog.cs: 90647cc400823b41df847a6cbfc29026 -> e140ede12a96f68f30062138385171c3
  custom:scripting/monoscript/fileName/RepositoriesListView.cs: 90647cc400823b41df847a6cbfc29026 -> 95287f65338ca0073ad04002a16eaaf7
  custom:video-decoder-ogg-theora: a1e56fd34408186e4bbccfd4996cb3dc -> 
  custom:framework-win-MediaFoundation: 216162199b28c13a410421893ffa2e32 -> 
  custom:scripting/monoscript/fileName/ProgressControlsForViews.cs: 0cdf409b5aa8d4c25876d72b5c6a3b60 -> a8a18a90f46aa63848e1e45d8d7ff9af
  custom:scripting/monoscript/fileName/MissingEncryptionPasswordPromptHandler.cs: 90647cc400823b41df847a6cbfc29026 -> 5d7b9646eb14a39b6d3d5bab19d266ff
  custom:scripting/monoscript/fileName/NotificationBar.cs: 0cdf409b5aa8d4c25876d72b5c6a3b60 -> 0daf459fa0c4269b16bcc20cd072c021
  custom:scripting/monoscript/fileName/UnityThreadWaiter.cs: 0cdf409b5aa8d4c25876d72b5c6a3b60 -> 99333406d92d10003984b4d1920de2f9
  custom:scripting/monoscript/fileName/HistoryTab.cs: 90647cc400823b41df847a6cbfc29026 -> d57f000c65fde42a2228c7a105a836e5
  custom:scripting/monoscript/fileName/CreateRepositoryDialog.cs: 90647cc400823b41df847a6cbfc29026 -> 5cec3e66b09e0dbe1f805953c5c64af9
  custom:scripting/monoscript/fileName/ViewSwitcher.cs: 90647cc400823b41df847a6cbfc29026 -> 1700c042de8c16a5c0f6851d66df802a
  custom:container-demuxer-webm: 4f35f7cbe854078d1ac9338744f61a02 -> 
  custom:scripting/monoscript/fileName/UpdateReportDialog.cs: d1628edb27b556e9e45af714e1b3ce2e -> 087837d8f73228f1a817d0de82c77260
  custom:scripting/monoscript/fileName/LaunchCheckinConflictsDialog.cs: 90647cc400823b41df847a6cbfc29026 -> e2c1e3f8f4e14a62e4363fe6259adbc2
  custom:scripting/monoscript/fileName/CreateWorkspaceView.cs: 849ed7f5b11c9db237ef61b01c5a5104 -> 04b4ce6556541af6541e1f1c2ea97052
  custom:scripting/monoscript/fileName/NCalcParser.cs: db61961eecf05360f8f4faca73024b2f -> 8e26acbdb2328e839bb63f98d07bd324
  custom:scripting/monoscript/fileName/CheckinDialog.cs: 0cdf409b5aa8d4c25876d72b5c6a3b60 -> 702fdb8d0a3b4bfcb9ba109e71325cad
  custom:container-muxer-webm: aa71ff27fc2769a1b78a27578f13a17b -> 
  custom:scripting/monoscript/fileName/EditorProgressControls.cs: 90647cc400823b41df847a6cbfc29026 -> 2e606eb01a6e6a567f3de9a0379ed3ae
  custom:video-decoder-webm-vp8: 9c59270c3fd7afecdb556c50c9e8de78 -> 
  custom:scripting/monoscript/fileName/ChangesetsTab.cs: 0cdf409b5aa8d4c25876d72b5c6a3b60 -> 46dde8f7856048792ad2e75490bb8c5e
  custom:AudioImporter_EditorPlatform: d09bf68614088b80899f8185d706f6e7 -> 
  custom:scripting/monoscript/fileName/DiffPanel.cs: 90647cc400823b41df847a6cbfc29026 -> 210366dab3631628227b9406f87a9b7f
  custom:scripting/monoscript/fileName/ProgressOperationHandler.cs: 8da79525110cdcf421ce08e37577cfbc -> ec62666c0ca1649dd33cc6bc6834c6f7
  custom:scripting/monoscript/fileName/UnityPlasticTimer.cs: 0cdf409b5aa8d4c25876d72b5c6a3b60 -> 6c887e722e951c2964523825cad70c4c
  custom:scripting/monoscript/fileName/ConfirmContinueWithPendingChangesDialog.cs: 0fd6c484965f7cb9b268e798298a9886 -> 77462b1904ad8f6fee2f8da4523d59fe
  custom:scripting/monoscript/fileName/ChannelCertificateUiImpl.cs: 90647cc400823b41df847a6cbfc29026 -> cefccf1e13b7bcf15e3c9f2dd4cd2fc8
  custom:scripting/monoscript/fileName/RepositoryExplorerDialog.cs: 0cdf409b5aa8d4c25876d72b5c6a3b60 -> eea34924da79ad7254f3e141a891c78d
  custom:video-encoder-webm-vp8: eb34c28f22e8b96e1ab97ce403110664 -> 
  custom:scripting/monoscript/fileName/AutoLogin.cs: 90647cc400823b41df847a6cbfc29026 -> cac363a2d5471994de278e71f937b032
  custom:audio-decoder-ogg-vorbis: bf7c407c2cedff20999df2af8eb42d56 -> 
  custom:scripting/monoscript/fileName/LaunchDependenciesDialog.cs: 90647cc400823b41df847a6cbfc29026 -> 2cabf22eb95430074b6c730a84e03493
  custom:scripting/monoscript/fileName/CloudEditionWelcomeWindow.cs: c1777a498406cd95bc755aaf92ab946f -> b1721e471183956468462f6b64901640
  custom:scripting/monoscript/fileName/CredentialsUIImpl.cs: 90647cc400823b41df847a6cbfc29026 -> dbacf67c37819fd95562fe169e706732
  custom:scripting/monoscript/fileName/UnityPlasticGuiMessage.cs: 90647cc400823b41df847a6cbfc29026 -> 24eef0792e3802809607a7f9d04b8f1d
  custom:scripting/monoscript/fileName/BranchesTab.cs: 90647cc400823b41df847a6cbfc29026 -> 57c33f76c527a5aba4d269245ffff188
  custom:audio-encoder-webm-vorbis: bf7c407c2cedff20999df2af8eb42d56 -> 
  custom:scripting/monoscript/fileName/PlasticWindow.cs: 0cdf409b5aa8d4c25876d72b5c6a3b60 -> fc467478941f610919bc69526ba2c215
========================================================================
Received Prepare
Begin MonoManager ReloadAssembly
- Loaded All Assemblies, in  0.460 seconds
Refreshing native plugins compatible for Editor in 4.29 ms, found 3 plugins.
Native extension for WindowsStandalone target not found
Native extension for WebGL target not found
[Package Manager] Server::EnsureServerProcessIsRunning -- launch failed, reason: Unity was launched with the -noUpm command-line argument
[Package Manager] UpmClient::Send -- Unable to send message (not connected to UPM process).
[Package Manager] Cannot connect to Unity Package Manager local server
Mono: successfully reloaded assembly
- Finished resetting the current domain, in  1.191 seconds
Domain Reload Profiling: 1648ms
	BeginReloadAssembly (152ms)
		ExecutionOrderSort (0ms)
		DisableScriptedObjects (4ms)
		BackupInstance (0ms)
		ReleaseScriptingObjects (0ms)
		CreateAndSetChildDomain (31ms)
	RebuildCommonClasses (32ms)
	RebuildNativeTypeToScriptingClass (13ms)
	initialDomainReloadingComplete (33ms)
	LoadAllAssembliesAndSetupDomain (227ms)
		LoadAssemblies (289ms)
		RebuildTransferFunctionScriptingTraits (0ms)
		AnalyzeDomain (23ms)
			TypeCache.Refresh (7ms)
				TypeCache.ScanAssembly (0ms)
			ScanForSourceGeneratedMonoScriptInfo (0ms)
			ResolveRequiredComponents (15ms)
	FinalizeReload (1192ms)
		ReleaseScriptCaches (0ms)
		RebuildScriptCaches (0ms)
		SetupLoadedEditorAssemblies (501ms)
			LogAssemblyErrors (0ms)
			InitializePlatformSupportModulesInManaged (10ms)
			SetLoadedEditorAssemblies (3ms)
			RefreshPlugins (0ms)
			BeforeProcessingInitializeOnLoad (76ms)
			ProcessInitializeOnLoadAttributes (330ms)
			ProcessInitializeOnLoadMethodAttributes (73ms)
			AfterProcessingInitializeOnLoad (9ms)
			EditorAssembliesLoaded (0ms)
		ExecutionOrderSort2 (0ms)
		AwakeInstancesAfterBackupRestoration (20ms)
Refreshing native plugins compatible for Editor in 4.24 ms, found 3 plugins.
Preloading 0 native plugins for Editor in 0.00 ms.
Unloading 4938 Unused Serialized files (Serialized files now loaded: 0)
Unloading 47 unused Assets / (411.9 KB). Loaded Objects now: 5551.
Memory consumption went from 182.9 MB to 182.5 MB.
Total: 3.671900 ms (FindLiveObjects: 0.700000 ms CreateObjectMapping: 0.167700 ms MarkObjects: 2.550200 ms  DeleteObjects: 0.252000 ms)

Prepare: number of updated asset objects reloaded= 0
AssetImportParameters requested are different than current active one (requested -> active):
  custom:scripting/monoscript/fileName/IncomingChangesTab.cs: 8f6297df34271fdb1ce2d9607ec6261d -> af2f8b65a736cbc2c6197311f8f8caf3
  custom:scripting/monoscript/fileName/IncomingChangesNotifier.cs: 8f6297df34271fdb1ce2d9607ec6261d -> 10fad815611441fb3a805150421ed991
  custom:container-demuxer-ogg: 62fdf1f143b41e24485cea50d1cbac27 -> 
  custom:scripting/monoscript/fileName/ProgressControlsForDialogs.cs: a53f96815da50de15010b1c479bc70cf -> 7e6bd1727985204e3b64e1946e589b1c
  custom:scripting/monoscript/fileName/SSOCredentialsDialog.cs: 90647cc400823b41df847a6cbfc29026 -> e140ede12a96f68f30062138385171c3
  custom:scripting/monoscript/fileName/RepositoriesListView.cs: 90647cc400823b41df847a6cbfc29026 -> 95287f65338ca0073ad04002a16eaaf7
  custom:video-decoder-ogg-theora: a1e56fd34408186e4bbccfd4996cb3dc -> 
  custom:framework-win-MediaFoundation: 216162199b28c13a410421893ffa2e32 -> 
  custom:scripting/monoscript/fileName/ProgressControlsForViews.cs: 0cdf409b5aa8d4c25876d72b5c6a3b60 -> a8a18a90f46aa63848e1e45d8d7ff9af
  custom:scripting/monoscript/fileName/MissingEncryptionPasswordPromptHandler.cs: 90647cc400823b41df847a6cbfc29026 -> 5d7b9646eb14a39b6d3d5bab19d266ff
  custom:scripting/monoscript/fileName/NotificationBar.cs: 0cdf409b5aa8d4c25876d72b5c6a3b60 -> 0daf459fa0c4269b16bcc20cd072c021
  custom:scripting/monoscript/fileName/UnityThreadWaiter.cs: 0cdf409b5aa8d4c25876d72b5c6a3b60 -> 99333406d92d10003984b4d1920de2f9
  custom:scripting/monoscript/fileName/HistoryTab.cs: 90647cc400823b41df847a6cbfc29026 -> d57f000c65fde42a2228c7a105a836e5
  custom:scripting/monoscript/fileName/CreateRepositoryDialog.cs: 90647cc400823b41df847a6cbfc29026 -> 5cec3e66b09e0dbe1f805953c5c64af9
  custom:scripting/monoscript/fileName/ViewSwitcher.cs: 90647cc400823b41df847a6cbfc29026 -> 1700c042de8c16a5c0f6851d66df802a
  custom:CustomObjectIndexerAttribute: a3ef5dd2817f97addfee359851a9dba5 -> 
  custom:container-demuxer-webm: 4f35f7cbe854078d1ac9338744f61a02 -> 
  custom:scripting/monoscript/fileName/UpdateReportDialog.cs: d1628edb27b556e9e45af714e1b3ce2e -> 087837d8f73228f1a817d0de82c77260
  custom:scripting/monoscript/fileName/LaunchCheckinConflictsDialog.cs: 90647cc400823b41df847a6cbfc29026 -> e2c1e3f8f4e14a62e4363fe6259adbc2
  custom:scripting/monoscript/fileName/CreateWorkspaceView.cs: 849ed7f5b11c9db237ef61b01c5a5104 -> 04b4ce6556541af6541e1f1c2ea97052
  custom:scripting/monoscript/fileName/NCalcParser.cs: db61961eecf05360f8f4faca73024b2f -> 8e26acbdb2328e839bb63f98d07bd324
  custom:scripting/monoscript/fileName/CheckinDialog.cs: 0cdf409b5aa8d4c25876d72b5c6a3b60 -> 702fdb8d0a3b4bfcb9ba109e71325cad
  custom:container-muxer-webm: aa71ff27fc2769a1b78a27578f13a17b -> 
  custom:scripting/monoscript/fileName/EditorProgressControls.cs: 90647cc400823b41df847a6cbfc29026 -> 2e606eb01a6e6a567f3de9a0379ed3ae
  custom:video-decoder-webm-vp8: 9c59270c3fd7afecdb556c50c9e8de78 -> 
  custom:scripting/monoscript/fileName/ChangesetsTab.cs: 0cdf409b5aa8d4c25876d72b5c6a3b60 -> 46dde8f7856048792ad2e75490bb8c5e
  custom:SearchIndexIgnoredProperties: e643bd26f0fe6173181afceb89e7c659 -> 
  custom:AudioImporter_EditorPlatform: d09bf68614088b80899f8185d706f6e7 -> 
  custom:scripting/monoscript/fileName/DiffPanel.cs: 90647cc400823b41df847a6cbfc29026 -> 210366dab3631628227b9406f87a9b7f
  custom:scripting/monoscript/fileName/ProgressOperationHandler.cs: 8da79525110cdcf421ce08e37577cfbc -> ec62666c0ca1649dd33cc6bc6834c6f7
  custom:scripting/monoscript/fileName/UnityPlasticTimer.cs: 0cdf409b5aa8d4c25876d72b5c6a3b60 -> 6c887e722e951c2964523825cad70c4c
  custom:scripting/monoscript/fileName/ConfirmContinueWithPendingChangesDialog.cs: 0fd6c484965f7cb9b268e798298a9886 -> 77462b1904ad8f6fee2f8da4523d59fe
  custom:scripting/monoscript/fileName/ChannelCertificateUiImpl.cs: 90647cc400823b41df847a6cbfc29026 -> cefccf1e13b7bcf15e3c9f2dd4cd2fc8
  custom:scripting/monoscript/fileName/RepositoryExplorerDialog.cs: 0cdf409b5aa8d4c25876d72b5c6a3b60 -> eea34924da79ad7254f3e141a891c78d
  custom:video-encoder-webm-vp8: eb34c28f22e8b96e1ab97ce403110664 -> 
  custom:scripting/monoscript/fileName/AutoLogin.cs: 90647cc400823b41df847a6cbfc29026 -> cac363a2d5471994de278e71f937b032
  custom:audio-decoder-ogg-vorbis: bf7c407c2cedff20999df2af8eb42d56 -> 
  custom:scripting/monoscript/fileName/LaunchDependenciesDialog.cs: 90647cc400823b41df847a6cbfc29026 -> 2cabf22eb95430074b6c730a84e03493
  custom:scripting/monoscript/fileName/CloudEditionWelcomeWindow.cs: c1777a498406cd95bc755aaf92ab946f -> b1721e471183956468462f6b64901640
  custom:scripting/monoscript/fileName/CredentialsUIImpl.cs: 90647cc400823b41df847a6cbfc29026 -> dbacf67c37819fd95562fe169e706732
  custom:scripting/monoscript/fileName/UnityPlasticGuiMessage.cs: 90647cc400823b41df847a6cbfc29026 -> 24eef0792e3802809607a7f9d04b8f1d
  custom:scripting/monoscript/fileName/BranchesTab.cs: 90647cc400823b41df847a6cbfc29026 -> 57c33f76c527a5aba4d269245ffff188
  custom:audio-encoder-webm-vorbis: bf7c407c2cedff20999df2af8eb42d56 -> 
  custom:scripting/monoscript/fileName/PlasticWindow.cs: 0cdf409b5aa8d4c25876d72b5c6a3b60 -> fc467478941f610919bc69526ba2c215
========================================================================
Received Import Request.
  Time since last request: 4764.458760 seconds.
  path: Assets/Scenes/Title Screen.unity
  artifactKey: Guid(fac8801c1b3f36c42b7ccc3a7181f368) Importer(815301076,1909f56bfc062723c751e8b465ee728b)
Start importing Assets/Scenes/Title Screen.unity using Guid(fac8801c1b3f36c42b7ccc3a7181f368) Importer(815301076,1909f56bfc062723c751e8b465ee728b)  -> (artifact id: 'bdc315c1de3e0d07bcf62564ac29eca0') in 0.005064 seconds
Number of updated asset objects reloaded before import = 0
Number of asset objects unloaded after import = 0
========================================================================
Received Prepare
Begin MonoManager ReloadAssembly
- Loaded All Assemblies, in  0.451 seconds
Refreshing native plugins compatible for Editor in 4.31 ms, found 3 plugins.
Native extension for WindowsStandalone target not found
Native extension for WebGL target not found
[Package Manager] Server::EnsureServerProcessIsRunning -- launch failed, reason: Unity was launched with the -noUpm command-line argument
[Package Manager] UpmClient::Send -- Unable to send message (not connected to UPM process).
[Package Manager] Cannot connect to Unity Package Manager local server
Mono: successfully reloaded assembly
- Finished resetting the current domain, in  1.137 seconds
Domain Reload Profiling: 1585ms
	BeginReloadAssembly (152ms)
		ExecutionOrderSort (0ms)
		DisableScriptedObjects (4ms)
		BackupInstance (0ms)
		ReleaseScriptingObjects (0ms)
		CreateAndSetChildDomain (31ms)
	RebuildCommonClasses (34ms)
	RebuildNativeTypeToScriptingClass (13ms)
	initialDomainReloadingComplete (32ms)
	LoadAllAssembliesAndSetupDomain (217ms)
		LoadAssemblies (281ms)
		RebuildTransferFunctionScriptingTraits (0ms)
		AnalyzeDomain (20ms)
			TypeCache.Refresh (7ms)
				TypeCache.ScanAssembly (0ms)
			ScanForSourceGeneratedMonoScriptInfo (0ms)
			ResolveRequiredComponents (12ms)
	FinalizeReload (1138ms)
		ReleaseScriptCaches (0ms)
		RebuildScriptCaches (0ms)
		SetupLoadedEditorAssemblies (471ms)
			LogAssemblyErrors (0ms)
			InitializePlatformSupportModulesInManaged (8ms)
			SetLoadedEditorAssemblies (3ms)
			RefreshPlugins (0ms)
			BeforeProcessingInitializeOnLoad (68ms)
			ProcessInitializeOnLoadAttributes (313ms)
			ProcessInitializeOnLoadMethodAttributes (71ms)
			AfterProcessingInitializeOnLoad (9ms)
			EditorAssembliesLoaded (0ms)
		ExecutionOrderSort2 (0ms)
		AwakeInstancesAfterBackupRestoration (19ms)
Refreshing native plugins compatible for Editor in 3.87 ms, found 3 plugins.
Preloading 0 native plugins for Editor in 0.00 ms.
Unloading 4938 Unused Serialized files (Serialized files now loaded: 0)
Unloading 47 unused Assets / (411.9 KB). Loaded Objects now: 5555.
Memory consumption went from 184.8 MB to 184.4 MB.
Total: 3.784500 ms (FindLiveObjects: 0.758200 ms CreateObjectMapping: 0.178400 ms MarkObjects: 2.587300 ms  DeleteObjects: 0.259600 ms)

Prepare: number of updated asset objects reloaded= 0
AssetImportParameters requested are different than current active one (requested -> active):
  custom:scripting/monoscript/fileName/IncomingChangesTab.cs: 8f6297df34271fdb1ce2d9607ec6261d -> af2f8b65a736cbc2c6197311f8f8caf3
  custom:scripting/monoscript/fileName/IncomingChangesNotifier.cs: 8f6297df34271fdb1ce2d9607ec6261d -> 10fad815611441fb3a805150421ed991
  custom:container-demuxer-ogg: 62fdf1f143b41e24485cea50d1cbac27 -> 
  custom:scripting/monoscript/fileName/ProgressControlsForDialogs.cs: a53f96815da50de15010b1c479bc70cf -> 7e6bd1727985204e3b64e1946e589b1c
  custom:scripting/monoscript/fileName/SSOCredentialsDialog.cs: 90647cc400823b41df847a6cbfc29026 -> e140ede12a96f68f30062138385171c3
  custom:scripting/monoscript/fileName/RepositoriesListView.cs: 90647cc400823b41df847a6cbfc29026 -> 95287f65338ca0073ad04002a16eaaf7
  custom:video-decoder-ogg-theora: a1e56fd34408186e4bbccfd4996cb3dc -> 
  custom:framework-win-MediaFoundation: 216162199b28c13a410421893ffa2e32 -> 
  custom:scripting/monoscript/fileName/ProgressControlsForViews.cs: 0cdf409b5aa8d4c25876d72b5c6a3b60 -> a8a18a90f46aa63848e1e45d8d7ff9af
  custom:scripting/monoscript/fileName/MissingEncryptionPasswordPromptHandler.cs: 90647cc400823b41df847a6cbfc29026 -> 5d7b9646eb14a39b6d3d5bab19d266ff
  custom:scripting/monoscript/fileName/NotificationBar.cs: 0cdf409b5aa8d4c25876d72b5c6a3b60 -> 0daf459fa0c4269b16bcc20cd072c021
  custom:scripting/monoscript/fileName/UnityThreadWaiter.cs: 0cdf409b5aa8d4c25876d72b5c6a3b60 -> 99333406d92d10003984b4d1920de2f9
  custom:scripting/monoscript/fileName/HistoryTab.cs: 90647cc400823b41df847a6cbfc29026 -> d57f000c65fde42a2228c7a105a836e5
  custom:scripting/monoscript/fileName/CreateRepositoryDialog.cs: 90647cc400823b41df847a6cbfc29026 -> 5cec3e66b09e0dbe1f805953c5c64af9
  custom:scripting/monoscript/fileName/ViewSwitcher.cs: 90647cc400823b41df847a6cbfc29026 -> 1700c042de8c16a5c0f6851d66df802a
  custom:CustomObjectIndexerAttribute: a3ef5dd2817f97addfee359851a9dba5 -> 
  custom:container-demuxer-webm: 4f35f7cbe854078d1ac9338744f61a02 -> 
  custom:scripting/monoscript/fileName/UpdateReportDialog.cs: d1628edb27b556e9e45af714e1b3ce2e -> 087837d8f73228f1a817d0de82c77260
  custom:scripting/monoscript/fileName/LaunchCheckinConflictsDialog.cs: 90647cc400823b41df847a6cbfc29026 -> e2c1e3f8f4e14a62e4363fe6259adbc2
  custom:scripting/monoscript/fileName/CreateWorkspaceView.cs: 849ed7f5b11c9db237ef61b01c5a5104 -> 04b4ce6556541af6541e1f1c2ea97052
  custom:scripting/monoscript/fileName/NCalcParser.cs: db61961eecf05360f8f4faca73024b2f -> 8e26acbdb2328e839bb63f98d07bd324
  custom:scripting/monoscript/fileName/CheckinDialog.cs: 0cdf409b5aa8d4c25876d72b5c6a3b60 -> 702fdb8d0a3b4bfcb9ba109e71325cad
  custom:container-muxer-webm: aa71ff27fc2769a1b78a27578f13a17b -> 
  custom:scripting/monoscript/fileName/EditorProgressControls.cs: 90647cc400823b41df847a6cbfc29026 -> 2e606eb01a6e6a567f3de9a0379ed3ae
  custom:video-decoder-webm-vp8: 9c59270c3fd7afecdb556c50c9e8de78 -> 
  custom:scripting/monoscript/fileName/ChangesetsTab.cs: 0cdf409b5aa8d4c25876d72b5c6a3b60 -> 46dde8f7856048792ad2e75490bb8c5e
  custom:SearchIndexIgnoredProperties: e643bd26f0fe6173181afceb89e7c659 -> 
  custom:AudioImporter_EditorPlatform: d09bf68614088b80899f8185d706f6e7 -> 
  custom:scripting/monoscript/fileName/DiffPanel.cs: 90647cc400823b41df847a6cbfc29026 -> 210366dab3631628227b9406f87a9b7f
  custom:scripting/monoscript/fileName/ProgressOperationHandler.cs: 8da79525110cdcf421ce08e37577cfbc -> ec62666c0ca1649dd33cc6bc6834c6f7
  custom:scripting/monoscript/fileName/UnityPlasticTimer.cs: 0cdf409b5aa8d4c25876d72b5c6a3b60 -> 6c887e722e951c2964523825cad70c4c
  custom:scripting/monoscript/fileName/ConfirmContinueWithPendingChangesDialog.cs: 0fd6c484965f7cb9b268e798298a9886 -> 77462b1904ad8f6fee2f8da4523d59fe
  custom:scripting/monoscript/fileName/ChannelCertificateUiImpl.cs: 90647cc400823b41df847a6cbfc29026 -> cefccf1e13b7bcf15e3c9f2dd4cd2fc8
  custom:scripting/monoscript/fileName/RepositoryExplorerDialog.cs: 0cdf409b5aa8d4c25876d72b5c6a3b60 -> eea34924da79ad7254f3e141a891c78d
  custom:video-encoder-webm-vp8: eb34c28f22e8b96e1ab97ce403110664 -> 
  custom:scripting/monoscript/fileName/AutoLogin.cs: 90647cc400823b41df847a6cbfc29026 -> cac363a2d5471994de278e71f937b032
  custom:audio-decoder-ogg-vorbis: bf7c407c2cedff20999df2af8eb42d56 -> 
  custom:scripting/monoscript/fileName/LaunchDependenciesDialog.cs: 90647cc400823b41df847a6cbfc29026 -> 2cabf22eb95430074b6c730a84e03493
  custom:scripting/monoscript/fileName/CloudEditionWelcomeWindow.cs: c1777a498406cd95bc755aaf92ab946f -> b1721e471183956468462f6b64901640
  custom:scripting/monoscript/fileName/CredentialsUIImpl.cs: 90647cc400823b41df847a6cbfc29026 -> dbacf67c37819fd95562fe169e706732
  custom:scripting/monoscript/fileName/UnityPlasticGuiMessage.cs: 90647cc400823b41df847a6cbfc29026 -> 24eef0792e3802809607a7f9d04b8f1d
  custom:scripting/monoscript/fileName/BranchesTab.cs: 90647cc400823b41df847a6cbfc29026 -> 57c33f76c527a5aba4d269245ffff188
  custom:audio-encoder-webm-vorbis: bf7c407c2cedff20999df2af8eb42d56 -> 
  custom:scripting/monoscript/fileName/PlasticWindow.cs: 0cdf409b5aa8d4c25876d72b5c6a3b60 -> fc467478941f610919bc69526ba2c215
========================================================================
Received Prepare
Begin MonoManager ReloadAssembly
- Loaded All Assemblies, in  0.437 seconds
Refreshing native plugins compatible for Editor in 4.55 ms, found 3 plugins.
Native extension for WindowsStandalone target not found
Native extension for WebGL target not found
[Package Manager] Server::EnsureServerProcessIsRunning -- launch failed, reason: Unity was launched with the -noUpm command-line argument
[Package Manager] UpmClient::Send -- Unable to send message (not connected to UPM process).
[Package Manager] Cannot connect to Unity Package Manager local server
Mono: successfully reloaded assembly
- Finished resetting the current domain, in  1.142 seconds
Domain Reload Profiling: 1576ms
	BeginReloadAssembly (135ms)
		ExecutionOrderSort (0ms)
		DisableScriptedObjects (4ms)
		BackupInstance (0ms)
		ReleaseScriptingObjects (0ms)
		CreateAndSetChildDomain (31ms)
	RebuildCommonClasses (32ms)
	RebuildNativeTypeToScriptingClass (12ms)
	initialDomainReloadingComplete (30ms)
	LoadAllAssembliesAndSetupDomain (224ms)
		LoadAssemblies (275ms)
		RebuildTransferFunctionScriptingTraits (0ms)
		AnalyzeDomain (20ms)
			TypeCache.Refresh (7ms)
				TypeCache.ScanAssembly (0ms)
			ScanForSourceGeneratedMonoScriptInfo (0ms)
			ResolveRequiredComponents (12ms)
	FinalizeReload (1143ms)
		ReleaseScriptCaches (0ms)
		RebuildScriptCaches (0ms)
		SetupLoadedEditorAssemblies (480ms)
			LogAssemblyErrors (0ms)
			InitializePlatformSupportModulesInManaged (8ms)
			SetLoadedEditorAssemblies (3ms)
			RefreshPlugins (0ms)
			BeforeProcessingInitializeOnLoad (69ms)
			ProcessInitializeOnLoadAttributes (319ms)
			ProcessInitializeOnLoadMethodAttributes (73ms)
			AfterProcessingInitializeOnLoad (8ms)
			EditorAssembliesLoaded (0ms)
		ExecutionOrderSort2 (0ms)
		AwakeInstancesAfterBackupRestoration (19ms)
Refreshing native plugins compatible for Editor in 5.18 ms, found 3 plugins.
Preloading 0 native plugins for Editor in 0.00 ms.
Unloading 4938 Unused Serialized files (Serialized files now loaded: 0)
Unloading 47 unused Assets / (411.9 KB). Loaded Objects now: 5559.
Memory consumption went from 186.7 MB to 186.3 MB.
Total: 4.230900 ms (FindLiveObjects: 0.788000 ms CreateObjectMapping: 0.178700 ms MarkObjects: 2.941000 ms  DeleteObjects: 0.321900 ms)

Prepare: number of updated asset objects reloaded= 0
AssetImportParameters requested are different than current active one (requested -> active):
  custom:scripting/monoscript/fileName/IncomingChangesTab.cs: 8f6297df34271fdb1ce2d9607ec6261d -> af2f8b65a736cbc2c6197311f8f8caf3
  custom:scripting/monoscript/fileName/IncomingChangesNotifier.cs: 8f6297df34271fdb1ce2d9607ec6261d -> 10fad815611441fb3a805150421ed991
  custom:container-demuxer-ogg: 62fdf1f143b41e24485cea50d1cbac27 -> 
  custom:scripting/monoscript/fileName/ProgressControlsForDialogs.cs: a53f96815da50de15010b1c479bc70cf -> 7e6bd1727985204e3b64e1946e589b1c
  custom:scripting/monoscript/fileName/SSOCredentialsDialog.cs: 90647cc400823b41df847a6cbfc29026 -> e140ede12a96f68f30062138385171c3
  custom:scripting/monoscript/fileName/RepositoriesListView.cs: 90647cc400823b41df847a6cbfc29026 -> 95287f65338ca0073ad04002a16eaaf7
  custom:video-decoder-ogg-theora: a1e56fd34408186e4bbccfd4996cb3dc -> 
  custom:framework-win-MediaFoundation: 216162199b28c13a410421893ffa2e32 -> 
  custom:scripting/monoscript/fileName/ProgressControlsForViews.cs: 0cdf409b5aa8d4c25876d72b5c6a3b60 -> a8a18a90f46aa63848e1e45d8d7ff9af
  custom:scripting/monoscript/fileName/MissingEncryptionPasswordPromptHandler.cs: 90647cc400823b41df847a6cbfc29026 -> 5d7b9646eb14a39b6d3d5bab19d266ff
  custom:scripting/monoscript/fileName/NotificationBar.cs: 0cdf409b5aa8d4c25876d72b5c6a3b60 -> 0daf459fa0c4269b16bcc20cd072c021
  custom:scripting/monoscript/fileName/UnityThreadWaiter.cs: 0cdf409b5aa8d4c25876d72b5c6a3b60 -> 99333406d92d10003984b4d1920de2f9
  custom:scripting/monoscript/fileName/HistoryTab.cs: 90647cc400823b41df847a6cbfc29026 -> d57f000c65fde42a2228c7a105a836e5
  custom:scripting/monoscript/fileName/CreateRepositoryDialog.cs: 90647cc400823b41df847a6cbfc29026 -> 5cec3e66b09e0dbe1f805953c5c64af9
  custom:scripting/monoscript/fileName/ViewSwitcher.cs: 90647cc400823b41df847a6cbfc29026 -> 1700c042de8c16a5c0f6851d66df802a
  custom:CustomObjectIndexerAttribute: a3ef5dd2817f97addfee359851a9dba5 -> 
  custom:container-demuxer-webm: 4f35f7cbe854078d1ac9338744f61a02 -> 
  custom:scripting/monoscript/fileName/UpdateReportDialog.cs: d1628edb27b556e9e45af714e1b3ce2e -> 087837d8f73228f1a817d0de82c77260
  custom:scripting/monoscript/fileName/LaunchCheckinConflictsDialog.cs: 90647cc400823b41df847a6cbfc29026 -> e2c1e3f8f4e14a62e4363fe6259adbc2
  custom:scripting/monoscript/fileName/CreateWorkspaceView.cs: 849ed7f5b11c9db237ef61b01c5a5104 -> 04b4ce6556541af6541e1f1c2ea97052
  custom:scripting/monoscript/fileName/NCalcParser.cs: db61961eecf05360f8f4faca73024b2f -> 8e26acbdb2328e839bb63f98d07bd324
  custom:scripting/monoscript/fileName/CheckinDialog.cs: 0cdf409b5aa8d4c25876d72b5c6a3b60 -> 702fdb8d0a3b4bfcb9ba109e71325cad
  custom:container-muxer-webm: aa71ff27fc2769a1b78a27578f13a17b -> 
  custom:scripting/monoscript/fileName/EditorProgressControls.cs: 90647cc400823b41df847a6cbfc29026 -> 2e606eb01a6e6a567f3de9a0379ed3ae
  custom:video-decoder-webm-vp8: 9c59270c3fd7afecdb556c50c9e8de78 -> 
  custom:scripting/monoscript/fileName/ChangesetsTab.cs: 0cdf409b5aa8d4c25876d72b5c6a3b60 -> 46dde8f7856048792ad2e75490bb8c5e
  custom:SearchIndexIgnoredProperties: e643bd26f0fe6173181afceb89e7c659 -> 
  custom:AudioImporter_EditorPlatform: d09bf68614088b80899f8185d706f6e7 -> 
  custom:scripting/monoscript/fileName/DiffPanel.cs: 90647cc400823b41df847a6cbfc29026 -> 210366dab3631628227b9406f87a9b7f
  custom:scripting/monoscript/fileName/ProgressOperationHandler.cs: 8da79525110cdcf421ce08e37577cfbc -> ec62666c0ca1649dd33cc6bc6834c6f7
  custom:scripting/monoscript/fileName/UnityPlasticTimer.cs: 0cdf409b5aa8d4c25876d72b5c6a3b60 -> 6c887e722e951c2964523825cad70c4c
  custom:scripting/monoscript/fileName/ConfirmContinueWithPendingChangesDialog.cs: 0fd6c484965f7cb9b268e798298a9886 -> 77462b1904ad8f6fee2f8da4523d59fe
  custom:scripting/monoscript/fileName/ChannelCertificateUiImpl.cs: 90647cc400823b41df847a6cbfc29026 -> cefccf1e13b7bcf15e3c9f2dd4cd2fc8
  custom:scripting/monoscript/fileName/RepositoryExplorerDialog.cs: 0cdf409b5aa8d4c25876d72b5c6a3b60 -> eea34924da79ad7254f3e141a891c78d
  custom:video-encoder-webm-vp8: eb34c28f22e8b96e1ab97ce403110664 -> 
  custom:scripting/monoscript/fileName/AutoLogin.cs: 90647cc400823b41df847a6cbfc29026 -> cac363a2d5471994de278e71f937b032
  custom:audio-decoder-ogg-vorbis: bf7c407c2cedff20999df2af8eb42d56 -> 
  custom:scripting/monoscript/fileName/LaunchDependenciesDialog.cs: 90647cc400823b41df847a6cbfc29026 -> 2cabf22eb95430074b6c730a84e03493
  custom:scripting/monoscript/fileName/CloudEditionWelcomeWindow.cs: c1777a498406cd95bc755aaf92ab946f -> b1721e471183956468462f6b64901640
  custom:scripting/monoscript/fileName/CredentialsUIImpl.cs: 90647cc400823b41df847a6cbfc29026 -> dbacf67c37819fd95562fe169e706732
  custom:scripting/monoscript/fileName/UnityPlasticGuiMessage.cs: 90647cc400823b41df847a6cbfc29026 -> 24eef0792e3802809607a7f9d04b8f1d
  custom:scripting/monoscript/fileName/BranchesTab.cs: 90647cc400823b41df847a6cbfc29026 -> 57c33f76c527a5aba4d269245ffff188
  custom:audio-encoder-webm-vorbis: bf7c407c2cedff20999df2af8eb42d56 -> 
  custom:scripting/monoscript/fileName/PlasticWindow.cs: 0cdf409b5aa8d4c25876d72b5c6a3b60 -> fc467478941f610919bc69526ba2c215
========================================================================
Received Prepare
Begin MonoManager ReloadAssembly
- Loaded All Assemblies, in  0.421 seconds
Refreshing native plugins compatible for Editor in 3.36 ms, found 3 plugins.
Native extension for WindowsStandalone target not found
Native extension for WebGL target not found
[Package Manager] Server::EnsureServerProcessIsRunning -- launch failed, reason: Unity was launched with the -noUpm command-line argument
[Package Manager] UpmClient::Send -- Unable to send message (not connected to UPM process).
[Package Manager] Cannot connect to Unity Package Manager local server
Mono: successfully reloaded assembly
- Finished resetting the current domain, in  1.091 seconds
Domain Reload Profiling: 1509ms
	BeginReloadAssembly (143ms)
		ExecutionOrderSort (0ms)
		DisableScriptedObjects (4ms)
		BackupInstance (0ms)
		ReleaseScriptingObjects (0ms)
		CreateAndSetChildDomain (30ms)
	RebuildCommonClasses (32ms)
	RebuildNativeTypeToScriptingClass (12ms)
	initialDomainReloadingComplete (29ms)
	LoadAllAssembliesAndSetupDomain (201ms)
		LoadAssemblies (261ms)
		RebuildTransferFunctionScriptingTraits (0ms)
		AnalyzeDomain (18ms)
			TypeCache.Refresh (6ms)
				TypeCache.ScanAssembly (0ms)
			ScanForSourceGeneratedMonoScriptInfo (0ms)
			ResolveRequiredComponents (11ms)
	FinalizeReload (1092ms)
		ReleaseScriptCaches (0ms)
		RebuildScriptCaches (0ms)
		SetupLoadedEditorAssemblies (466ms)
			LogAssemblyErrors (0ms)
			InitializePlatformSupportModulesInManaged (8ms)
			SetLoadedEditorAssemblies (3ms)
			RefreshPlugins (0ms)
			BeforeProcessingInitializeOnLoad (70ms)
			ProcessInitializeOnLoadAttributes (307ms)
			ProcessInitializeOnLoadMethodAttributes (69ms)
			AfterProcessingInitializeOnLoad (8ms)
			EditorAssembliesLoaded (0ms)
		ExecutionOrderSort2 (0ms)
		AwakeInstancesAfterBackupRestoration (18ms)
Refreshing native plugins compatible for Editor in 4.02 ms, found 3 plugins.
Preloading 0 native plugins for Editor in 0.00 ms.
Unloading 4938 Unused Serialized files (Serialized files now loaded: 0)
Unloading 47 unused Assets / (412.0 KB). Loaded Objects now: 5563.
Memory consumption went from 188.7 MB to 188.3 MB.
Total: 4.391600 ms (FindLiveObjects: 0.782700 ms CreateObjectMapping: 0.223900 ms MarkObjects: 3.056400 ms  DeleteObjects: 0.327400 ms)

Prepare: number of updated asset objects reloaded= 0
AssetImportParameters requested are different than current active one (requested -> active):
  custom:scripting/monoscript/fileName/IncomingChangesTab.cs: 8f6297df34271fdb1ce2d9607ec6261d -> af2f8b65a736cbc2c6197311f8f8caf3
  custom:scripting/monoscript/fileName/IncomingChangesNotifier.cs: 8f6297df34271fdb1ce2d9607ec6261d -> 10fad815611441fb3a805150421ed991
  custom:container-demuxer-ogg: 62fdf1f143b41e24485cea50d1cbac27 -> 
  custom:scripting/monoscript/fileName/ProgressControlsForDialogs.cs: a53f96815da50de15010b1c479bc70cf -> 7e6bd1727985204e3b64e1946e589b1c
  custom:scripting/monoscript/fileName/SSOCredentialsDialog.cs: 90647cc400823b41df847a6cbfc29026 -> e140ede12a96f68f30062138385171c3
  custom:scripting/monoscript/fileName/RepositoriesListView.cs: 90647cc400823b41df847a6cbfc29026 -> 95287f65338ca0073ad04002a16eaaf7
  custom:video-decoder-ogg-theora: a1e56fd34408186e4bbccfd4996cb3dc -> 
  custom:framework-win-MediaFoundation: 216162199b28c13a410421893ffa2e32 -> 
  custom:scripting/monoscript/fileName/ProgressControlsForViews.cs: 0cdf409b5aa8d4c25876d72b5c6a3b60 -> a8a18a90f46aa63848e1e45d8d7ff9af
  custom:scripting/monoscript/fileName/MissingEncryptionPasswordPromptHandler.cs: 90647cc400823b41df847a6cbfc29026 -> 5d7b9646eb14a39b6d3d5bab19d266ff
  custom:scripting/monoscript/fileName/NotificationBar.cs: 0cdf409b5aa8d4c25876d72b5c6a3b60 -> 0daf459fa0c4269b16bcc20cd072c021
  custom:scripting/monoscript/fileName/UnityThreadWaiter.cs: 0cdf409b5aa8d4c25876d72b5c6a3b60 -> 99333406d92d10003984b4d1920de2f9
  custom:scripting/monoscript/fileName/HistoryTab.cs: 90647cc400823b41df847a6cbfc29026 -> d57f000c65fde42a2228c7a105a836e5
  custom:scripting/monoscript/fileName/CreateRepositoryDialog.cs: 90647cc400823b41df847a6cbfc29026 -> 5cec3e66b09e0dbe1f805953c5c64af9
  custom:scripting/monoscript/fileName/ViewSwitcher.cs: 90647cc400823b41df847a6cbfc29026 -> 1700c042de8c16a5c0f6851d66df802a
  custom:CustomObjectIndexerAttribute: a3ef5dd2817f97addfee359851a9dba5 -> 
  custom:container-demuxer-webm: 4f35f7cbe854078d1ac9338744f61a02 -> 
  custom:scripting/monoscript/fileName/UpdateReportDialog.cs: d1628edb27b556e9e45af714e1b3ce2e -> 087837d8f73228f1a817d0de82c77260
  custom:scripting/monoscript/fileName/LaunchCheckinConflictsDialog.cs: 90647cc400823b41df847a6cbfc29026 -> e2c1e3f8f4e14a62e4363fe6259adbc2
  custom:scripting/monoscript/fileName/CreateWorkspaceView.cs: 849ed7f5b11c9db237ef61b01c5a5104 -> 04b4ce6556541af6541e1f1c2ea97052
  custom:scripting/monoscript/fileName/NCalcParser.cs: db61961eecf05360f8f4faca73024b2f -> 8e26acbdb2328e839bb63f98d07bd324
  custom:scripting/monoscript/fileName/CheckinDialog.cs: 0cdf409b5aa8d4c25876d72b5c6a3b60 -> 702fdb8d0a3b4bfcb9ba109e71325cad
  custom:container-muxer-webm: aa71ff27fc2769a1b78a27578f13a17b -> 
  custom:scripting/monoscript/fileName/EditorProgressControls.cs: 90647cc400823b41df847a6cbfc29026 -> 2e606eb01a6e6a567f3de9a0379ed3ae
  custom:video-decoder-webm-vp8: 9c59270c3fd7afecdb556c50c9e8de78 -> 
  custom:scripting/monoscript/fileName/ChangesetsTab.cs: 0cdf409b5aa8d4c25876d72b5c6a3b60 -> 46dde8f7856048792ad2e75490bb8c5e
  custom:SearchIndexIgnoredProperties: e643bd26f0fe6173181afceb89e7c659 -> 
  custom:AudioImporter_EditorPlatform: d09bf68614088b80899f8185d706f6e7 -> 
  custom:scripting/monoscript/fileName/DiffPanel.cs: 90647cc400823b41df847a6cbfc29026 -> 210366dab3631628227b9406f87a9b7f
  custom:scripting/monoscript/fileName/ProgressOperationHandler.cs: 8da79525110cdcf421ce08e37577cfbc -> ec62666c0ca1649dd33cc6bc6834c6f7
  custom:scripting/monoscript/fileName/UnityPlasticTimer.cs: 0cdf409b5aa8d4c25876d72b5c6a3b60 -> 6c887e722e951c2964523825cad70c4c
  custom:scripting/monoscript/fileName/ConfirmContinueWithPendingChangesDialog.cs: 0fd6c484965f7cb9b268e798298a9886 -> 77462b1904ad8f6fee2f8da4523d59fe
  custom:scripting/monoscript/fileName/ChannelCertificateUiImpl.cs: 90647cc400823b41df847a6cbfc29026 -> cefccf1e13b7bcf15e3c9f2dd4cd2fc8
  custom:scripting/monoscript/fileName/RepositoryExplorerDialog.cs: 0cdf409b5aa8d4c25876d72b5c6a3b60 -> eea34924da79ad7254f3e141a891c78d
  custom:video-encoder-webm-vp8: eb34c28f22e8b96e1ab97ce403110664 -> 
  custom:scripting/monoscript/fileName/AutoLogin.cs: 90647cc400823b41df847a6cbfc29026 -> cac363a2d5471994de278e71f937b032
  custom:audio-decoder-ogg-vorbis: bf7c407c2cedff20999df2af8eb42d56 -> 
  custom:scripting/monoscript/fileName/LaunchDependenciesDialog.cs: 90647cc400823b41df847a6cbfc29026 -> 2cabf22eb95430074b6c730a84e03493
  custom:scripting/monoscript/fileName/CloudEditionWelcomeWindow.cs: c1777a498406cd95bc755aaf92ab946f -> b1721e471183956468462f6b64901640
  custom:scripting/monoscript/fileName/CredentialsUIImpl.cs: 90647cc400823b41df847a6cbfc29026 -> dbacf67c37819fd95562fe169e706732
  custom:scripting/monoscript/fileName/UnityPlasticGuiMessage.cs: 90647cc400823b41df847a6cbfc29026 -> 24eef0792e3802809607a7f9d04b8f1d
  custom:scripting/monoscript/fileName/BranchesTab.cs: 90647cc400823b41df847a6cbfc29026 -> 57c33f76c527a5aba4d269245ffff188
  custom:audio-encoder-webm-vorbis: bf7c407c2cedff20999df2af8eb42d56 -> 
  custom:scripting/monoscript/fileName/PlasticWindow.cs: 0cdf409b5aa8d4c25876d72b5c6a3b60 -> fc467478941f610919bc69526ba2c215
========================================================================
Received Prepare
Begin MonoManager ReloadAssembly
- Loaded All Assemblies, in  0.419 seconds
Refreshing native plugins compatible for Editor in 3.37 ms, found 3 plugins.
Native extension for WindowsStandalone target not found
Native extension for WebGL target not found
[Package Manager] Server::EnsureServerProcessIsRunning -- launch failed, reason: Unity was launched with the -noUpm command-line argument
[Package Manager] UpmClient::Send -- Unable to send message (not connected to UPM process).
[Package Manager] Cannot connect to Unity Package Manager local server
Mono: successfully reloaded assembly
- Finished resetting the current domain, in  1.085 seconds
Domain Reload Profiling: 1501ms
	BeginReloadAssembly (143ms)
		ExecutionOrderSort (0ms)
		DisableScriptedObjects (4ms)
		BackupInstance (0ms)
		ReleaseScriptingObjects (0ms)
		CreateAndSetChildDomain (31ms)
	RebuildCommonClasses (32ms)
	RebuildNativeTypeToScriptingClass (12ms)
	initialDomainReloadingComplete (29ms)
	LoadAllAssembliesAndSetupDomain (200ms)
		LoadAssemblies (259ms)
		RebuildTransferFunctionScriptingTraits (0ms)
		AnalyzeDomain (19ms)
			TypeCache.Refresh (6ms)
				TypeCache.ScanAssembly (0ms)
			ScanForSourceGeneratedMonoScriptInfo (0ms)
			ResolveRequiredComponents (11ms)
	FinalizeReload (1085ms)
		ReleaseScriptCaches (0ms)
		RebuildScriptCaches (0ms)
		SetupLoadedEditorAssemblies (463ms)
			LogAssemblyErrors (0ms)
			InitializePlatformSupportModulesInManaged (9ms)
			SetLoadedEditorAssemblies (3ms)
			RefreshPlugins (0ms)
			BeforeProcessingInitializeOnLoad (69ms)
			ProcessInitializeOnLoadAttributes (305ms)
			ProcessInitializeOnLoadMethodAttributes (69ms)
			AfterProcessingInitializeOnLoad (7ms)
			EditorAssembliesLoaded (0ms)
		ExecutionOrderSort2 (0ms)
		AwakeInstancesAfterBackupRestoration (18ms)
Refreshing native plugins compatible for Editor in 4.42 ms, found 3 plugins.
Preloading 0 native plugins for Editor in 0.00 ms.
Unloading 4938 Unused Serialized files (Serialized files now loaded: 0)
Unloading 47 unused Assets / (412.0 KB). Loaded Objects now: 5567.
Memory consumption went from 190.6 MB to 190.2 MB.
Total: 4.137400 ms (FindLiveObjects: 0.782600 ms CreateObjectMapping: 0.285300 ms MarkObjects: 2.770100 ms  DeleteObjects: 0.298000 ms)

Prepare: number of updated asset objects reloaded= 0
AssetImportParameters requested are different than current active one (requested -> active):
  custom:scripting/monoscript/fileName/IncomingChangesTab.cs: 8f6297df34271fdb1ce2d9607ec6261d -> af2f8b65a736cbc2c6197311f8f8caf3
  custom:scripting/monoscript/fileName/IncomingChangesNotifier.cs: 8f6297df34271fdb1ce2d9607ec6261d -> 10fad815611441fb3a805150421ed991
  custom:container-demuxer-ogg: 62fdf1f143b41e24485cea50d1cbac27 -> 
  custom:scripting/monoscript/fileName/ProgressControlsForDialogs.cs: a53f96815da50de15010b1c479bc70cf -> 7e6bd1727985204e3b64e1946e589b1c
  custom:scripting/monoscript/fileName/SSOCredentialsDialog.cs: 90647cc400823b41df847a6cbfc29026 -> e140ede12a96f68f30062138385171c3
  custom:scripting/monoscript/fileName/RepositoriesListView.cs: 90647cc400823b41df847a6cbfc29026 -> 95287f65338ca0073ad04002a16eaaf7
  custom:video-decoder-ogg-theora: a1e56fd34408186e4bbccfd4996cb3dc -> 
  custom:framework-win-MediaFoundation: 216162199b28c13a410421893ffa2e32 -> 
  custom:scripting/monoscript/fileName/ProgressControlsForViews.cs: 0cdf409b5aa8d4c25876d72b5c6a3b60 -> a8a18a90f46aa63848e1e45d8d7ff9af
  custom:scripting/monoscript/fileName/MissingEncryptionPasswordPromptHandler.cs: 90647cc400823b41df847a6cbfc29026 -> 5d7b9646eb14a39b6d3d5bab19d266ff
  custom:scripting/monoscript/fileName/NotificationBar.cs: 0cdf409b5aa8d4c25876d72b5c6a3b60 -> 0daf459fa0c4269b16bcc20cd072c021
  custom:scripting/monoscript/fileName/UnityThreadWaiter.cs: 0cdf409b5aa8d4c25876d72b5c6a3b60 -> 99333406d92d10003984b4d1920de2f9
  custom:scripting/monoscript/fileName/HistoryTab.cs: 90647cc400823b41df847a6cbfc29026 -> d57f000c65fde42a2228c7a105a836e5
  custom:scripting/monoscript/fileName/CreateRepositoryDialog.cs: 90647cc400823b41df847a6cbfc29026 -> 5cec3e66b09e0dbe1f805953c5c64af9
  custom:scripting/monoscript/fileName/ViewSwitcher.cs: 90647cc400823b41df847a6cbfc29026 -> 1700c042de8c16a5c0f6851d66df802a
  custom:CustomObjectIndexerAttribute: a3ef5dd2817f97addfee359851a9dba5 -> 
  custom:container-demuxer-webm: 4f35f7cbe854078d1ac9338744f61a02 -> 
  custom:scripting/monoscript/fileName/UpdateReportDialog.cs: d1628edb27b556e9e45af714e1b3ce2e -> 087837d8f73228f1a817d0de82c77260
  custom:scripting/monoscript/fileName/LaunchCheckinConflictsDialog.cs: 90647cc400823b41df847a6cbfc29026 -> e2c1e3f8f4e14a62e4363fe6259adbc2
  custom:scripting/monoscript/fileName/CreateWorkspaceView.cs: 849ed7f5b11c9db237ef61b01c5a5104 -> 04b4ce6556541af6541e1f1c2ea97052
  custom:scripting/monoscript/fileName/NCalcParser.cs: db61961eecf05360f8f4faca73024b2f -> 8e26acbdb2328e839bb63f98d07bd324
  custom:scripting/monoscript/fileName/CheckinDialog.cs: 0cdf409b5aa8d4c25876d72b5c6a3b60 -> 702fdb8d0a3b4bfcb9ba109e71325cad
  custom:container-muxer-webm: aa71ff27fc2769a1b78a27578f13a17b -> 
  custom:scripting/monoscript/fileName/EditorProgressControls.cs: 90647cc400823b41df847a6cbfc29026 -> 2e606eb01a6e6a567f3de9a0379ed3ae
  custom:video-decoder-webm-vp8: 9c59270c3fd7afecdb556c50c9e8de78 -> 
  custom:scripting/monoscript/fileName/ChangesetsTab.cs: 0cdf409b5aa8d4c25876d72b5c6a3b60 -> 46dde8f7856048792ad2e75490bb8c5e
  custom:SearchIndexIgnoredProperties: e643bd26f0fe6173181afceb89e7c659 -> 
  custom:AudioImporter_EditorPlatform: d09bf68614088b80899f8185d706f6e7 -> 
  custom:scripting/monoscript/fileName/DiffPanel.cs: 90647cc400823b41df847a6cbfc29026 -> 210366dab3631628227b9406f87a9b7f
  custom:scripting/monoscript/fileName/ProgressOperationHandler.cs: 8da79525110cdcf421ce08e37577cfbc -> ec62666c0ca1649dd33cc6bc6834c6f7
  custom:scripting/monoscript/fileName/UnityPlasticTimer.cs: 0cdf409b5aa8d4c25876d72b5c6a3b60 -> 6c887e722e951c2964523825cad70c4c
  custom:scripting/monoscript/fileName/ConfirmContinueWithPendingChangesDialog.cs: 0fd6c484965f7cb9b268e798298a9886 -> 77462b1904ad8f6fee2f8da4523d59fe
  custom:scripting/monoscript/fileName/ChannelCertificateUiImpl.cs: 90647cc400823b41df847a6cbfc29026 -> cefccf1e13b7bcf15e3c9f2dd4cd2fc8
  custom:scripting/monoscript/fileName/RepositoryExplorerDialog.cs: 0cdf409b5aa8d4c25876d72b5c6a3b60 -> eea34924da79ad7254f3e141a891c78d
  custom:video-encoder-webm-vp8: eb34c28f22e8b96e1ab97ce403110664 -> 
  custom:scripting/monoscript/fileName/AutoLogin.cs: 90647cc400823b41df847a6cbfc29026 -> cac363a2d5471994de278e71f937b032
  custom:audio-decoder-ogg-vorbis: bf7c407c2cedff20999df2af8eb42d56 -> 
  custom:scripting/monoscript/fileName/LaunchDependenciesDialog.cs: 90647cc400823b41df847a6cbfc29026 -> 2cabf22eb95430074b6c730a84e03493
  custom:scripting/monoscript/fileName/CloudEditionWelcomeWindow.cs: c1777a498406cd95bc755aaf92ab946f -> b1721e471183956468462f6b64901640
  custom:scripting/monoscript/fileName/CredentialsUIImpl.cs: 90647cc400823b41df847a6cbfc29026 -> dbacf67c37819fd95562fe169e706732
  custom:scripting/monoscript/fileName/UnityPlasticGuiMessage.cs: 90647cc400823b41df847a6cbfc29026 -> 24eef0792e3802809607a7f9d04b8f1d
  custom:scripting/monoscript/fileName/BranchesTab.cs: 90647cc400823b41df847a6cbfc29026 -> 57c33f76c527a5aba4d269245ffff188
  custom:audio-encoder-webm-vorbis: bf7c407c2cedff20999df2af8eb42d56 -> 
  custom:scripting/monoscript/fileName/PlasticWindow.cs: 0cdf409b5aa8d4c25876d72b5c6a3b60 -> fc467478941f610919bc69526ba2c215
========================================================================
Received Prepare
Begin MonoManager ReloadAssembly
- Loaded All Assemblies, in  0.438 seconds
Refreshing native plugins compatible for Editor in 3.57 ms, found 3 plugins.
Native extension for WindowsStandalone target not found
Native extension for WebGL target not found
[Package Manager] Server::EnsureServerProcessIsRunning -- launch failed, reason: Unity was launched with the -noUpm command-line argument
[Package Manager] UpmClient::Send -- Unable to send message (not connected to UPM process).
[Package Manager] Cannot connect to Unity Package Manager local server
Mono: successfully reloaded assembly
- Finished resetting the current domain, in  1.110 seconds
Domain Reload Profiling: 1545ms
	BeginReloadAssembly (147ms)
		ExecutionOrderSort (0ms)
		DisableScriptedObjects (4ms)
		BackupInstance (0ms)
		ReleaseScriptingObjects (0ms)
		CreateAndSetChildDomain (30ms)
	RebuildCommonClasses (33ms)
	RebuildNativeTypeToScriptingClass (12ms)
	initialDomainReloadingComplete (32ms)
	LoadAllAssembliesAndSetupDomain (211ms)
		LoadAssemblies (274ms)
		RebuildTransferFunctionScriptingTraits (0ms)
		AnalyzeDomain (19ms)
			TypeCache.Refresh (6ms)
				TypeCache.ScanAssembly (0ms)
			ScanForSourceGeneratedMonoScriptInfo (0ms)
			ResolveRequiredComponents (11ms)
	FinalizeReload (1110ms)
		ReleaseScriptCaches (0ms)
		RebuildScriptCaches (0ms)
		SetupLoadedEditorAssemblies (471ms)
			LogAssemblyErrors (0ms)
			InitializePlatformSupportModulesInManaged (8ms)
			SetLoadedEditorAssemblies (3ms)
			RefreshPlugins (0ms)
			BeforeProcessingInitializeOnLoad (69ms)
			ProcessInitializeOnLoadAttributes (309ms)
			ProcessInitializeOnLoadMethodAttributes (74ms)
			AfterProcessingInitializeOnLoad (8ms)
			EditorAssembliesLoaded (0ms)
		ExecutionOrderSort2 (0ms)
		AwakeInstancesAfterBackupRestoration (19ms)
Refreshing native plugins compatible for Editor in 4.00 ms, found 3 plugins.
Preloading 0 native plugins for Editor in 0.00 ms.
Unloading 4938 Unused Serialized files (Serialized files now loaded: 0)
Unloading 47 unused Assets / (412.0 KB). Loaded Objects now: 5571.
Memory consumption went from 192.5 MB to 192.1 MB.
Total: 3.820900 ms (FindLiveObjects: 0.725800 ms CreateObjectMapping: 0.211400 ms MarkObjects: 2.547900 ms  DeleteObjects: 0.334700 ms)

Prepare: number of updated asset objects reloaded= 0
AssetImportParameters requested are different than current active one (requested -> active):
  custom:scripting/monoscript/fileName/IncomingChangesTab.cs: 8f6297df34271fdb1ce2d9607ec6261d -> af2f8b65a736cbc2c6197311f8f8caf3
  custom:scripting/monoscript/fileName/IncomingChangesNotifier.cs: 8f6297df34271fdb1ce2d9607ec6261d -> 10fad815611441fb3a805150421ed991
  custom:container-demuxer-ogg: 62fdf1f143b41e24485cea50d1cbac27 -> 
  custom:scripting/monoscript/fileName/ProgressControlsForDialogs.cs: a53f96815da50de15010b1c479bc70cf -> 7e6bd1727985204e3b64e1946e589b1c
  custom:scripting/monoscript/fileName/SSOCredentialsDialog.cs: 90647cc400823b41df847a6cbfc29026 -> e140ede12a96f68f30062138385171c3
  custom:scripting/monoscript/fileName/RepositoriesListView.cs: 90647cc400823b41df847a6cbfc29026 -> 95287f65338ca0073ad04002a16eaaf7
  custom:video-decoder-ogg-theora: a1e56fd34408186e4bbccfd4996cb3dc -> 
  custom:framework-win-MediaFoundation: 216162199b28c13a410421893ffa2e32 -> 
  custom:scripting/monoscript/fileName/ProgressControlsForViews.cs: 0cdf409b5aa8d4c25876d72b5c6a3b60 -> a8a18a90f46aa63848e1e45d8d7ff9af
  custom:scripting/monoscript/fileName/MissingEncryptionPasswordPromptHandler.cs: 90647cc400823b41df847a6cbfc29026 -> 5d7b9646eb14a39b6d3d5bab19d266ff
  custom:scripting/monoscript/fileName/NotificationBar.cs: 0cdf409b5aa8d4c25876d72b5c6a3b60 -> 0daf459fa0c4269b16bcc20cd072c021
  custom:scripting/monoscript/fileName/UnityThreadWaiter.cs: 0cdf409b5aa8d4c25876d72b5c6a3b60 -> 99333406d92d10003984b4d1920de2f9
  custom:scripting/monoscript/fileName/HistoryTab.cs: 90647cc400823b41df847a6cbfc29026 -> d57f000c65fde42a2228c7a105a836e5
  custom:scripting/monoscript/fileName/CreateRepositoryDialog.cs: 90647cc400823b41df847a6cbfc29026 -> 5cec3e66b09e0dbe1f805953c5c64af9
  custom:scripting/monoscript/fileName/ViewSwitcher.cs: 90647cc400823b41df847a6cbfc29026 -> 1700c042de8c16a5c0f6851d66df802a
  custom:CustomObjectIndexerAttribute: a3ef5dd2817f97addfee359851a9dba5 -> 
  custom:container-demuxer-webm: 4f35f7cbe854078d1ac9338744f61a02 -> 
  custom:scripting/monoscript/fileName/UpdateReportDialog.cs: d1628edb27b556e9e45af714e1b3ce2e -> 087837d8f73228f1a817d0de82c77260
  custom:scripting/monoscript/fileName/LaunchCheckinConflictsDialog.cs: 90647cc400823b41df847a6cbfc29026 -> e2c1e3f8f4e14a62e4363fe6259adbc2
  custom:scripting/monoscript/fileName/CreateWorkspaceView.cs: 849ed7f5b11c9db237ef61b01c5a5104 -> 04b4ce6556541af6541e1f1c2ea97052
  custom:scripting/monoscript/fileName/NCalcParser.cs: db61961eecf05360f8f4faca73024b2f -> 8e26acbdb2328e839bb63f98d07bd324
  custom:scripting/monoscript/fileName/CheckinDialog.cs: 0cdf409b5aa8d4c25876d72b5c6a3b60 -> 702fdb8d0a3b4bfcb9ba109e71325cad
  custom:container-muxer-webm: aa71ff27fc2769a1b78a27578f13a17b -> 
  custom:scripting/monoscript/fileName/EditorProgressControls.cs: 90647cc400823b41df847a6cbfc29026 -> 2e606eb01a6e6a567f3de9a0379ed3ae
  custom:video-decoder-webm-vp8: 9c59270c3fd7afecdb556c50c9e8de78 -> 
  custom:scripting/monoscript/fileName/ChangesetsTab.cs: 0cdf409b5aa8d4c25876d72b5c6a3b60 -> 46dde8f7856048792ad2e75490bb8c5e
  custom:SearchIndexIgnoredProperties: e643bd26f0fe6173181afceb89e7c659 -> 
  custom:AudioImporter_EditorPlatform: d09bf68614088b80899f8185d706f6e7 -> 
  custom:scripting/monoscript/fileName/DiffPanel.cs: 90647cc400823b41df847a6cbfc29026 -> 210366dab3631628227b9406f87a9b7f
  custom:scripting/monoscript/fileName/ProgressOperationHandler.cs: 8da79525110cdcf421ce08e37577cfbc -> ec62666c0ca1649dd33cc6bc6834c6f7
  custom:scripting/monoscript/fileName/UnityPlasticTimer.cs: 0cdf409b5aa8d4c25876d72b5c6a3b60 -> 6c887e722e951c2964523825cad70c4c
  custom:scripting/monoscript/fileName/ConfirmContinueWithPendingChangesDialog.cs: 0fd6c484965f7cb9b268e798298a9886 -> 77462b1904ad8f6fee2f8da4523d59fe
  custom:scripting/monoscript/fileName/ChannelCertificateUiImpl.cs: 90647cc400823b41df847a6cbfc29026 -> cefccf1e13b7bcf15e3c9f2dd4cd2fc8
  custom:scripting/monoscript/fileName/RepositoryExplorerDialog.cs: 0cdf409b5aa8d4c25876d72b5c6a3b60 -> eea34924da79ad7254f3e141a891c78d
  custom:video-encoder-webm-vp8: eb34c28f22e8b96e1ab97ce403110664 -> 
  custom:scripting/monoscript/fileName/AutoLogin.cs: 90647cc400823b41df847a6cbfc29026 -> cac363a2d5471994de278e71f937b032
  custom:audio-decoder-ogg-vorbis: bf7c407c2cedff20999df2af8eb42d56 -> 
  custom:scripting/monoscript/fileName/LaunchDependenciesDialog.cs: 90647cc400823b41df847a6cbfc29026 -> 2cabf22eb95430074b6c730a84e03493
  custom:scripting/monoscript/fileName/CloudEditionWelcomeWindow.cs: c1777a498406cd95bc755aaf92ab946f -> b1721e471183956468462f6b64901640
  custom:scripting/monoscript/fileName/CredentialsUIImpl.cs: 90647cc400823b41df847a6cbfc29026 -> dbacf67c37819fd95562fe169e706732
  custom:scripting/monoscript/fileName/UnityPlasticGuiMessage.cs: 90647cc400823b41df847a6cbfc29026 -> 24eef0792e3802809607a7f9d04b8f1d
  custom:scripting/monoscript/fileName/BranchesTab.cs: 90647cc400823b41df847a6cbfc29026 -> 57c33f76c527a5aba4d269245ffff188
  custom:audio-encoder-webm-vorbis: bf7c407c2cedff20999df2af8eb42d56 -> 
  custom:scripting/monoscript/fileName/PlasticWindow.cs: 0cdf409b5aa8d4c25876d72b5c6a3b60 -> fc467478941f610919bc69526ba2c215
